<?xml version="1.0" encoding="UTF-8"?>
<!-- Generated by org.testng.reporters.JUnitReportReporter -->
<testsuite hostname="Lynko" failures="0" tests="1" name="test.Homework_11" time="35.130" errors="0" timestamp="2023-10-31T14:14:00 ICT" skipped="0">
  <testcase classname="test.Homework_11" name="BT2" time="35.130"/>
  <system-out/>
</testsuite> <!-- test.Homework_11 -->
