<?xml version="1.0" encoding="UTF-8"?>
<!-- Generated by org.testng.reporters.JUnitReportReporter -->
<testsuite hostname="Lynko" failures="0" tests="1" name="test.Homework_15" time="10.635" errors="0" timestamp="2023-11-16T10:52:59 ICT" skipped="0">
  <testcase classname="test.Homework_15" name="AddClient" time="10.635"/>
  <system-out/>
</testsuite> <!-- test.Homework_15 -->
