<?xml version="1.0" encoding="UTF-8"?>
<!-- Generated by org.testng.reporters.JUnitReportReporter -->
<testsuite hostname="Lynko" failures="0" tests="1" name="test.Homework_10_02" time="4.252" errors="0" timestamp="2023-10-30T23:21:38 ICT" skipped="0">
  <testcase classname="test.Homework_10_02" name="Bai2" time="4.252"/>
  <system-out/>
</testsuite> <!-- test.Homework_10_02 -->
