<?xml version="1.0" encoding="UTF-8"?>
<!-- Generated by org.testng.reporters.JUnitReportReporter -->
<testsuite hostname="Lynko" failures="0" tests="1" name="test.Homework_13" time="5.373" errors="0" timestamp="2023-10-31T18:09:32 ICT" skipped="0">
  <testcase classname="test.Homework_13" name="Logout" time="5.373"/>
  <system-out/>
</testsuite> <!-- test.Homework_13 -->
