<?xml version="1.0" encoding="UTF-8"?>
<!-- Generated by org.testng.reporters.JUnitReportReporter -->
<testsuite hostname="Lynko" failures="0" tests="1" name="test.Homework_12" time="24.053" errors="0" timestamp="2023-10-31T14:45:22 ICT" skipped="0">
  <testcase classname="test.Homework_12" name="f" time="24.053"/>
  <system-out/>
</testsuite> <!-- test.Homework_12 -->
