<?xml version="1.0" encoding="UTF-8"?>
<!-- Generated by org.testng.reporters.JUnitReportReporter -->
<testsuite hostname="Lynko" failures="0" tests="1" name="test.Homework_12" time="18.256" errors="0" timestamp="2023-11-16T12:44:37 ICT" skipped="0">
  <testcase classname="test.Homework_12" name="baitap12" time="18.256"/>
  <system-out/>
</testsuite> <!-- test.Homework_12 -->
